2014-07-21 19:33:09	admin	http://localhost:8888/cs-pw/bio/	Parse Error: 	syntax error, unexpected '}', expecting ',' or ';' (line 5 of /Users/sean/Dropbox/Sites/cs-pw/site/templates/bio.php)
2014-07-21 20:21:38	admin	http://localhost:8888/cs-pw/news/	Parse Error: 	syntax error, unexpected 'var' (T_VAR) (line 12 of /Users/sean/Dropbox/Sites/cs-pw/site/templates/news.php)
2014-07-21 20:21:48	admin	http://localhost:8888/cs-pw/news/	Parse Error: 	syntax error, unexpected 'var' (T_VAR) (line 12 of /Users/sean/Dropbox/Sites/cs-pw/site/templates/news.php)
2014-07-21 20:21:55	admin	http://localhost:8888/cs-pw/news/	Parse Error: 	syntax error, unexpected 'var' (T_VAR) (line 12 of /Users/sean/Dropbox/Sites/cs-pw/site/templates/news.php)
2014-07-21 20:22:02	admin	http://localhost:8888/cs-pw/news/	Parse Error: 	syntax error, unexpected '=' (line 12 of /Users/sean/Dropbox/Sites/cs-pw/site/templates/news.php)
2014-07-22 10:43:05	admin	http://localhost:8888/cs-pw/news/	Error: 	Exception: Unknown Selector operator: '' -- was your selector value properly escaped? (in /Users/sean/Dropbox/Sites/cs-pw/wire/core/Selectors.php line 168)  #0 /Users/sean/Dropbox/Sites/cs-pw/wire/core/Selectors.php(193): Selectors->create('news', '', '') #1 /Users/sean/Dropbox/Sites/cs-pw/wire/core/Selectors.php(62): Selectors->extractString('news') #2 /Users/sean/Dropbox/Sites/cs-pw/wire/core/Pages.php(142): Selectors->__construct('news') #3 [internal function]: Pages->___find('news', Array) #4 /Users/sean/Dropbox/Sites/cs-pw/wire/core/Wire.php(359): call_user_func_array(Array, Array) #5 /Users/sean/Dropbox/Sites/cs-pw/wire/core/Wire.php(317): Wire->runHooks('find', Array) #6 /Users/sean/Dropbox/Sites/cs-pw/wire/core/Pages.php(214): Wire->__call('find', Array) #7 /Users/sean/Dropbox/Sites/cs-pw/wire/core/Pages.php(214): Pages->find('news', Array) #8 /Users/sean/Dropbox/Sites/cs-pw/wire/core/Pages.php(229): Pages->findOne('news') #9 /Users/sean/Dropbox/Sites/cs-pw/wire/core/PageFinder.php(753): Pages->get('n
2014-07-22 10:43:32	admin	http://localhost:8888/cs-pw/news/	Error: 	Exception: Unknown Selector operator: '' -- was your selector value properly escaped? (in /Users/sean/Dropbox/Sites/cs-pw/wire/core/Selectors.php line 168)  #0 /Users/sean/Dropbox/Sites/cs-pw/wire/core/Selectors.php(193): Selectors->create('news', '', '') #1 /Users/sean/Dropbox/Sites/cs-pw/wire/core/Selectors.php(62): Selectors->extractString('news') #2 /Users/sean/Dropbox/Sites/cs-pw/wire/core/Pages.php(142): Selectors->__construct('news') #3 [internal function]: Pages->___find('news', Array) #4 /Users/sean/Dropbox/Sites/cs-pw/wire/core/Wire.php(359): call_user_func_array(Array, Array) #5 /Users/sean/Dropbox/Sites/cs-pw/wire/core/Wire.php(317): Wire->runHooks('find', Array) #6 /Users/sean/Dropbox/Sites/cs-pw/wire/core/Pages.php(214): Wire->__call('find', Array) #7 /Users/sean/Dropbox/Sites/cs-pw/wire/core/Pages.php(214): Pages->find('news', Array) #8 /Users/sean/Dropbox/Sites/cs-pw/wire/core/Pages.php(229): Pages->findOne('news') #9 /Users/sean/Dropbox/Sites/cs-pw/wire/core/PageFinder.php(753): Pages->get('n
2014-07-22 10:44:03	admin	http://localhost:8888/cs-pw/news/	Parse Error: 	syntax error, unexpected '}' (line 50 of /Users/sean/Dropbox/Sites/cs-pw/site/templates/news.php)
2014-07-22 10:44:18	admin	http://localhost:8888/cs-pw/news/	Error: 	Exception: Unknown Selector operator: '' -- was your selector value properly escaped? (in /Users/sean/Dropbox/Sites/cs-pw/wire/core/Selectors.php line 168)  #0 /Users/sean/Dropbox/Sites/cs-pw/wire/core/Selectors.php(193): Selectors->create('news', '', '') #1 /Users/sean/Dropbox/Sites/cs-pw/wire/core/Selectors.php(62): Selectors->extractString('news') #2 /Users/sean/Dropbox/Sites/cs-pw/wire/core/Pages.php(142): Selectors->__construct('news') #3 [internal function]: Pages->___find('news', Array) #4 /Users/sean/Dropbox/Sites/cs-pw/wire/core/Wire.php(359): call_user_func_array(Array, Array) #5 /Users/sean/Dropbox/Sites/cs-pw/wire/core/Wire.php(317): Wire->runHooks('find', Array) #6 /Users/sean/Dropbox/Sites/cs-pw/wire/core/Pages.php(214): Wire->__call('find', Array) #7 /Users/sean/Dropbox/Sites/cs-pw/wire/core/Pages.php(214): Pages->find('news', Array) #8 /Users/sean/Dropbox/Sites/cs-pw/wire/core/Pages.php(229): Pages->findOne('news') #9 /Users/sean/Dropbox/Sites/cs-pw/wire/core/PageFinder.php(753): Pages->get('n
2014-07-22 11:16:41	admin	http://localhost:8888/cs-pw/news/	Parse Error: 	syntax error, unexpected '->' (T_OBJECT_OPERATOR), expecting ')' (line 21 of /Users/sean/Dropbox/Sites/cs-pw/site/templates/news.php)
2014-07-22 11:31:46	admin	http://localhost:8888/cs-pw/news/	Error: 	Exception: Unknown Selector operator: '' -- was your selector value properly escaped? (in /Users/sean/Dropbox/Sites/cs-pw/wire/core/Selectors.php line 168)  #0 /Users/sean/Dropbox/Sites/cs-pw/wire/core/Selectors.php(193): Selectors->create('news_archive', '', '') #1 /Users/sean/Dropbox/Sites/cs-pw/wire/core/Selectors.php(62): Selectors->extractString('news_archive') #2 /Users/sean/Dropbox/Sites/cs-pw/wire/core/WireArray.php(992): Selectors->__construct('news_archive') #3 /Users/sean/Dropbox/Sites/cs-pw/wire/core/WireArray.php(1058): WireArray->filterData('news_archive', false) #4 /Users/sean/Dropbox/Sites/cs-pw/wire/core/WireArray.php(1092): WireArray->filter('news_archive') #5 /Users/sean/Dropbox/Sites/cs-pw/wire/core/WireSaveableItems.php(304): WireArray->find('news_archive') #6 [internal function]: WireSaveableItems->___find('news_archive') #7 /Users/sean/Dropbox/Sites/cs-pw/wire/core/Wire.php(359): call_user_func_array(Array, Array) #8 /Users/sean/Dropbox/Sites/cs-pw/wire/core/Wire.php(317): Wire->runHook
2014-07-22 11:32:44	admin	http://localhost:8888/cs-pw/news/	Error: 	Exception: Unknown Selector operator: '' -- was your selector value properly escaped? (in /Users/sean/Dropbox/Sites/cs-pw/wire/core/Selectors.php line 168)  #0 /Users/sean/Dropbox/Sites/cs-pw/wire/core/Selectors.php(193): Selectors->create('news_archive', '', '') #1 /Users/sean/Dropbox/Sites/cs-pw/wire/core/Selectors.php(62): Selectors->extractString('news_archive') #2 /Users/sean/Dropbox/Sites/cs-pw/wire/core/WireArray.php(992): Selectors->__construct('news_archive') #3 /Users/sean/Dropbox/Sites/cs-pw/wire/core/WireArray.php(1058): WireArray->filterData('news_archive', false) #4 /Users/sean/Dropbox/Sites/cs-pw/wire/core/WireArray.php(1092): WireArray->filter('news_archive') #5 /Users/sean/Dropbox/Sites/cs-pw/wire/core/WireSaveableItems.php(304): WireArray->find('news_archive') #6 [internal function]: WireSaveableItems->___find('news_archive') #7 /Users/sean/Dropbox/Sites/cs-pw/wire/core/Wire.php(359): call_user_func_array(Array, Array) #8 /Users/sean/Dropbox/Sites/cs-pw/wire/core/Wire.php(317): Wire->runHook
2014-07-22 11:36:01	admin	http://localhost:8888/cs-pw/news/	Error: 	Exception: Unknown Selector operator: '' -- was your selector value properly escaped? (in /Users/sean/Dropbox/Sites/cs-pw/wire/core/Selectors.php line 168)  #0 /Users/sean/Dropbox/Sites/cs-pw/wire/core/Selectors.php(193): Selectors->create('news_archive', '', '') #1 /Users/sean/Dropbox/Sites/cs-pw/wire/core/Selectors.php(62): Selectors->extractString('news_archive') #2 /Users/sean/Dropbox/Sites/cs-pw/wire/core/WireArray.php(992): Selectors->__construct('news_archive') #3 /Users/sean/Dropbox/Sites/cs-pw/wire/core/WireArray.php(1058): WireArray->filterData('news_archive', false) #4 /Users/sean/Dropbox/Sites/cs-pw/wire/core/WireArray.php(1092): WireArray->filter('news_archive') #5 /Users/sean/Dropbox/Sites/cs-pw/site/templates/news.php(69): WireArray->find('news_archive') #6 /Users/sean/Dropbox/Sites/cs-pw/wire/core/TemplateFile.php(140): require('/Users/sean/Dro...') #7 [internal function]: TemplateFile->___render() #8 /Users/sean/Dropbox/Sites/cs-pw/wire/core/Wire.php(359): call_user_func_array(Array, Array) #
2014-07-22 11:36:16	admin	http://localhost:8888/cs-pw/news/	Error: 	Exception: Unknown Selector operator: '' -- was your selector value properly escaped? (in /Users/sean/Dropbox/Sites/cs-pw/wire/core/Selectors.php line 168)  #0 /Users/sean/Dropbox/Sites/cs-pw/wire/core/Selectors.php(193): Selectors->create('news_archive', '', '') #1 /Users/sean/Dropbox/Sites/cs-pw/wire/core/Selectors.php(62): Selectors->extractString('news_archive') #2 /Users/sean/Dropbox/Sites/cs-pw/wire/core/WireArray.php(992): Selectors->__construct('news_archive') #3 /Users/sean/Dropbox/Sites/cs-pw/wire/core/WireArray.php(1058): WireArray->filterData('news_archive', false) #4 /Users/sean/Dropbox/Sites/cs-pw/wire/core/WireArray.php(1092): WireArray->filter('news_archive') #5 /Users/sean/Dropbox/Sites/cs-pw/site/templates/news.php(69): WireArray->find('news_archive') #6 /Users/sean/Dropbox/Sites/cs-pw/wire/core/TemplateFile.php(140): require('/Users/sean/Dro...') #7 [internal function]: TemplateFile->___render() #8 /Users/sean/Dropbox/Sites/cs-pw/wire/core/Wire.php(359): call_user_func_array(Array, Array) #
2014-07-22 11:38:53	admin	http://localhost:8888/cs-pw/news/	Parse Error: 	syntax error, unexpected '->' (T_OBJECT_OPERATOR) (line 69 of /Users/sean/Dropbox/Sites/cs-pw/site/templates/news.php)
2014-07-22 12:33:08	admin	http://localhost:8888/cs-pw/news/	Parse Error: 	syntax error, unexpected '/' (line 13 of /Users/sean/Dropbox/sites/cs-pw/site/templates/foot.inc)
2014-07-22 15:09:20	admin	http://localhost:8888/cs-pw/music/	Parse Error: 	syntax error, unexpected '}' (line 27 of /Users/sean/Dropbox/Sites/cs-pw/site/templates/music.php)
2014-07-22 15:12:19	admin	http://localhost:8888/cs-pw/music/	Parse Error: 	syntax error, unexpected '}' (line 44 of /Users/sean/Dropbox/Sites/cs-pw/site/templates/music.php)
2014-07-22 15:14:34	admin	http://localhost:8888/cs-pw/music/	Parse Error: 	syntax error, unexpected '}', expecting ',' or ';' (line 25 of /Users/sean/Dropbox/Sites/cs-pw/site/templates/music.php)
2014-07-22 15:16:28	admin	http://localhost:8888/cs-pw/music/	Parse Error: 	syntax error, unexpected '}', expecting ',' or ';' (line 28 of /Users/sean/Dropbox/Sites/cs-pw/site/templates/music.php)
2014-07-22 15:22:34	admin	http://localhost:8888/cs-pw/music/	Parse Error: 	syntax error, unexpected end of file (line 101 of /Users/sean/Dropbox/Sites/cs-pw/site/templates/music.php)
2014-07-22 15:25:59	admin	http://localhost:8888/cs-pw/music/	Parse Error: 	syntax error, unexpected 'if' (T_IF) (line 56 of /Users/sean/Dropbox/Sites/cs-pw/site/templates/music.php)
2014-07-22 15:26:17	admin	http://localhost:8888/cs-pw/music/	Parse Error: 	syntax error, unexpected 'if' (T_IF) (line 56 of /Users/sean/Dropbox/Sites/cs-pw/site/templates/music.php)
2014-07-22 15:27:16	admin	http://localhost:8888/cs-pw/music/	Error: 	Exception: Method Pagefile::width does not exist or is not callable in this context (in /Users/sean/Dropbox/Sites/cs-pw/wire/core/Wire.php line 320)  #0 /Users/sean/Dropbox/Sites/cs-pw/site/templates/music.php(61): Wire->__call('width', Array) #1 /Users/sean/Dropbox/Sites/cs-pw/site/templates/music.php(61): Pagefile->width(200) #2 /Users/sean/Dropbox/Sites/cs-pw/wire/core/TemplateFile.php(140): require('/Users/sean/Dro...') #3 [internal function]: TemplateFile->___render() #4 /Users/sean/Dropbox/Sites/cs-pw/wire/core/Wire.php(359): call_user_func_array(Array, Array) #5 /Users/sean/Dropbox/Sites/cs-pw/wire/core/Wire.php(317): Wire->runHooks('render', Array) #6 /Users/sean/Dropbox/Sites/cs-pw/wire/modules/PageRender.module(337): Wire->__call('render', Array) #7 /Users/sean/Dropbox/Sites/cs-pw/wire/modules/PageRender.module(337): TemplateFile->render() #8 [internal function]: PageRender->___renderPage(Object(HookEvent)) #9 /Users/sean/Dropbox/Sites/cs-pw/wire/core/Wire.php(359): call_user_func_array(Array, Array
2014-07-22 15:27:34	admin	http://localhost:8888/cs-pw/music/	Error: 	Exception: Method Pagefile::width does not exist or is not callable in this context (in /Users/sean/Dropbox/Sites/cs-pw/wire/core/Wire.php line 320)  #0 /Users/sean/Dropbox/Sites/cs-pw/site/templates/music.php(61): Wire->__call('width', Array) #1 /Users/sean/Dropbox/Sites/cs-pw/site/templates/music.php(61): Pagefile->width(200) #2 /Users/sean/Dropbox/Sites/cs-pw/wire/core/TemplateFile.php(140): require('/Users/sean/Dro...') #3 [internal function]: TemplateFile->___render() #4 /Users/sean/Dropbox/Sites/cs-pw/wire/core/Wire.php(359): call_user_func_array(Array, Array) #5 /Users/sean/Dropbox/Sites/cs-pw/wire/core/Wire.php(317): Wire->runHooks('render', Array) #6 /Users/sean/Dropbox/Sites/cs-pw/wire/modules/PageRender.module(337): Wire->__call('render', Array) #7 /Users/sean/Dropbox/Sites/cs-pw/wire/modules/PageRender.module(337): TemplateFile->render() #8 [internal function]: PageRender->___renderPage(Object(HookEvent)) #9 /Users/sean/Dropbox/Sites/cs-pw/wire/core/Wire.php(359): call_user_func_array(Array, Array
2014-07-22 15:28:13	admin	http://localhost:8888/cs-pw/music/	Error: 	Exception: Method Pagefile::width does not exist or is not callable in this context (in /Users/sean/Dropbox/Sites/cs-pw/wire/core/Wire.php line 320)  #0 /Users/sean/Dropbox/Sites/cs-pw/site/templates/music.php(62): Wire->__call('width', Array) #1 /Users/sean/Dropbox/Sites/cs-pw/site/templates/music.php(62): Pagefile->width(200) #2 /Users/sean/Dropbox/Sites/cs-pw/wire/core/TemplateFile.php(140): require('/Users/sean/Dro...') #3 [internal function]: TemplateFile->___render() #4 /Users/sean/Dropbox/Sites/cs-pw/wire/core/Wire.php(359): call_user_func_array(Array, Array) #5 /Users/sean/Dropbox/Sites/cs-pw/wire/core/Wire.php(317): Wire->runHooks('render', Array) #6 /Users/sean/Dropbox/Sites/cs-pw/wire/modules/PageRender.module(337): Wire->__call('render', Array) #7 /Users/sean/Dropbox/Sites/cs-pw/wire/modules/PageRender.module(337): TemplateFile->render() #8 [internal function]: PageRender->___renderPage(Object(HookEvent)) #9 /Users/sean/Dropbox/Sites/cs-pw/wire/core/Wire.php(359): call_user_func_array(Array, Array
2014-07-22 15:30:48	admin	http://localhost:8888/cs-pw/music/	Error: 	Exception: Method Pagefile::size does not exist or is not callable in this context (in /Users/sean/Dropbox/Sites/cs-pw/wire/core/Wire.php line 320)  #0 /Users/sean/Dropbox/Sites/cs-pw/site/templates/music.php(62): Wire->__call('size', Array) #1 /Users/sean/Dropbox/Sites/cs-pw/site/templates/music.php(62): Pagefile->size(200, 200) #2 /Users/sean/Dropbox/Sites/cs-pw/wire/core/TemplateFile.php(140): require('/Users/sean/Dro...') #3 [internal function]: TemplateFile->___render() #4 /Users/sean/Dropbox/Sites/cs-pw/wire/core/Wire.php(359): call_user_func_array(Array, Array) #5 /Users/sean/Dropbox/Sites/cs-pw/wire/core/Wire.php(317): Wire->runHooks('render', Array) #6 /Users/sean/Dropbox/Sites/cs-pw/wire/modules/PageRender.module(337): Wire->__call('render', Array) #7 /Users/sean/Dropbox/Sites/cs-pw/wire/modules/PageRender.module(337): TemplateFile->render() #8 [internal function]: PageRender->___renderPage(Object(HookEvent)) #9 /Users/sean/Dropbox/Sites/cs-pw/wire/core/Wire.php(359): call_user_func_array(Array, Arr
2014-07-22 15:31:47	admin	http://localhost:8888/cs-pw/music/	Error: 	Exception: Method Pagefile::size does not exist or is not callable in this context (in /Users/sean/Dropbox/Sites/cs-pw/wire/core/Wire.php line 320)  #0 /Users/sean/Dropbox/Sites/cs-pw/site/templates/music.php(62): Wire->__call('size', Array) #1 /Users/sean/Dropbox/Sites/cs-pw/site/templates/music.php(62): Pagefile->size(200, 200) #2 /Users/sean/Dropbox/Sites/cs-pw/wire/core/TemplateFile.php(140): require('/Users/sean/Dro...') #3 [internal function]: TemplateFile->___render() #4 /Users/sean/Dropbox/Sites/cs-pw/wire/core/Wire.php(359): call_user_func_array(Array, Array) #5 /Users/sean/Dropbox/Sites/cs-pw/wire/core/Wire.php(317): Wire->runHooks('render', Array) #6 /Users/sean/Dropbox/Sites/cs-pw/wire/modules/PageRender.module(337): Wire->__call('render', Array) #7 /Users/sean/Dropbox/Sites/cs-pw/wire/modules/PageRender.module(337): TemplateFile->render() #8 [internal function]: PageRender->___renderPage(Object(HookEvent)) #9 /Users/sean/Dropbox/Sites/cs-pw/wire/core/Wire.php(359): call_user_func_array(Array, Arr
2014-07-22 15:31:56	admin	http://localhost:8888/cs-pw/music/	Error: 	Exception: Method Pagefile::width does not exist or is not callable in this context (in /Users/sean/Dropbox/Sites/cs-pw/wire/core/Wire.php line 320)  #0 /Users/sean/Dropbox/Sites/cs-pw/site/templates/music.php(62): Wire->__call('width', Array) #1 /Users/sean/Dropbox/Sites/cs-pw/site/templates/music.php(62): Pagefile->width(200) #2 /Users/sean/Dropbox/Sites/cs-pw/wire/core/TemplateFile.php(140): require('/Users/sean/Dro...') #3 [internal function]: TemplateFile->___render() #4 /Users/sean/Dropbox/Sites/cs-pw/wire/core/Wire.php(359): call_user_func_array(Array, Array) #5 /Users/sean/Dropbox/Sites/cs-pw/wire/core/Wire.php(317): Wire->runHooks('render', Array) #6 /Users/sean/Dropbox/Sites/cs-pw/wire/modules/PageRender.module(337): Wire->__call('render', Array) #7 /Users/sean/Dropbox/Sites/cs-pw/wire/modules/PageRender.module(337): TemplateFile->render() #8 [internal function]: PageRender->___renderPage(Object(HookEvent)) #9 /Users/sean/Dropbox/Sites/cs-pw/wire/core/Wire.php(359): call_user_func_array(Array, Array
2014-07-22 15:59:52	admin	http://localhost:8888/cs-pw/video/	Parse Error: 	syntax error, unexpected end of file (line 85 of /Users/sean/Dropbox/Sites/cs-pw/site/templates/video.php)
2014-07-22 18:32:56	admin	http://localhost:8888/cs-pw/video/second-video/	Error: 	Call to a member function first() on a non-object (line 45 of /Users/sean/Dropbox/Sites/cs-pw/site/templates/video-single.php)
2014-07-22 18:47:23	admin	http://localhost:8888/cs-pw/gallery/	Parse Error: 	syntax error, unexpected '
2014-07-22 18:49:58	admin	http://localhost:8888/cs-pw/gallery/	Parse Error: 	syntax error, unexpected 'echo' (T_ECHO) (line 15 of /Users/sean/Dropbox/Sites/cs-pw/site/templates/gallery.php)
2014-07-22 18:50:21	admin	http://localhost:8888/cs-pw/gallery/	Error: 	Exception: Method Pagefile::size does not exist or is not callable in this context (in /Users/sean/Dropbox/Sites/cs-pw/wire/core/Wire.php line 320)  #0 /Users/sean/Dropbox/Sites/cs-pw/site/templates/gallery.php(21): Wire->__call('size', Array) #1 /Users/sean/Dropbox/Sites/cs-pw/site/templates/gallery.php(21): Pagefile->size(600, 400) #2 /Users/sean/Dropbox/Sites/cs-pw/wire/core/TemplateFile.php(140): require('/Users/sean/Dro...') #3 [internal function]: TemplateFile->___render() #4 /Users/sean/Dropbox/Sites/cs-pw/wire/core/Wire.php(359): call_user_func_array(Array, Array) #5 /Users/sean/Dropbox/Sites/cs-pw/wire/core/Wire.php(317): Wire->runHooks('render', Array) #6 /Users/sean/Dropbox/Sites/cs-pw/wire/modules/PageRender.module(337): Wire->__call('render', Array) #7 /Users/sean/Dropbox/Sites/cs-pw/wire/modules/PageRender.module(337): TemplateFile->render() #8 [internal function]: PageRender->___renderPage(Object(HookEvent)) #9 /Users/sean/Dropbox/Sites/cs-pw/wire/core/Wire.php(359): call_user_func_array(Array,
2014-07-22 18:50:30	admin	http://localhost:8888/cs-pw/gallery/	Error: 	Exception: Method Pagefile::first does not exist or is not callable in this context (in /Users/sean/Dropbox/Sites/cs-pw/wire/core/Wire.php line 320)  #0 /Users/sean/Dropbox/Sites/cs-pw/site/templates/gallery.php(21): Wire->__call('first', Array) #1 /Users/sean/Dropbox/Sites/cs-pw/site/templates/gallery.php(21): Pagefile->first() #2 /Users/sean/Dropbox/Sites/cs-pw/wire/core/TemplateFile.php(140): require('/Users/sean/Dro...') #3 [internal function]: TemplateFile->___render() #4 /Users/sean/Dropbox/Sites/cs-pw/wire/core/Wire.php(359): call_user_func_array(Array, Array) #5 /Users/sean/Dropbox/Sites/cs-pw/wire/core/Wire.php(317): Wire->runHooks('render', Array) #6 /Users/sean/Dropbox/Sites/cs-pw/wire/modules/PageRender.module(337): Wire->__call('render', Array) #7 /Users/sean/Dropbox/Sites/cs-pw/wire/modules/PageRender.module(337): TemplateFile->render() #8 [internal function]: PageRender->___renderPage(Object(HookEvent)) #9 /Users/sean/Dropbox/Sites/cs-pw/wire/core/Wire.php(359): call_user_func_array(Array, Arra
2014-07-23 16:32:31	admin	http://localhost:8888/cs-pw/news/news-entry/	Parse Error: 	syntax error, unexpected '}' (line 52 of /Users/sean/Dropbox/Sites/cs-pw/site/templates/single.php)
2014-07-23 16:33:54	admin	http://localhost:8888/cs-pw/news/news-entry/	Error: 	Exception: Unknown Selector operator: '' -- was your selector value properly escaped? (in /Users/sean/Dropbox/Sites/cs-pw/wire/core/Selectors.php line 168)  #0 /Users/sean/Dropbox/Sites/cs-pw/wire/core/Selectors.php(193): Selectors->create('news_archive', '', '') #1 /Users/sean/Dropbox/Sites/cs-pw/wire/core/Selectors.php(62): Selectors->extractString('news_archive') #2 /Users/sean/Dropbox/Sites/cs-pw/wire/core/WireArray.php(992): Selectors->__construct('news_archive') #3 /Users/sean/Dropbox/Sites/cs-pw/wire/core/WireArray.php(1058): WireArray->filterData('news_archive', false) #4 /Users/sean/Dropbox/Sites/cs-pw/wire/core/WireArray.php(1092): WireArray->filter('news_archive') #5 /Users/sean/Dropbox/Sites/cs-pw/wire/core/WireSaveableItems.php(304): WireArray->find('news_archive') #6 [internal function]: WireSaveableItems->___find('news_archive') #7 /Users/sean/Dropbox/Sites/cs-pw/wire/core/Wire.php(359): call_user_func_array(Array, Array) #8 /Users/sean/Dropbox/Sites/cs-pw/wire/core/Wire.php(317): Wire->runHook
2014-08-01 12:20:26	admin	http://localhost:8888/cs-pw/gallery/	Error: 	Call to a member function size() on a non-object (line 21 of /Users/sean/Dropbox/Sites/cs-pw/site/templates/gallery.php)
2014-08-01 12:20:31	admin	http://localhost:8888/cs-pw/gallery/	Error: 	Call to a member function size() on a non-object (line 21 of /Users/sean/Dropbox/Sites/cs-pw/site/templates/gallery.php)
2014-08-01 12:20:43	admin	http://localhost:8888/cs-pw/gallery/	Error: 	Exception: Method Pageimage::first does not exist or is not callable in this context (in /Users/sean/Dropbox/Sites/cs-pw/wire/core/Wire.php line 320)  #0 /Users/sean/Dropbox/Sites/cs-pw/site/templates/gallery.php(21): Wire->__call('first', Array) #1 /Users/sean/Dropbox/Sites/cs-pw/site/templates/gallery.php(21): Pageimage->first() #2 /Users/sean/Dropbox/Sites/cs-pw/wire/core/TemplateFile.php(140): require('/Users/sean/Dro...') #3 [internal function]: TemplateFile->___render() #4 /Users/sean/Dropbox/Sites/cs-pw/wire/core/Wire.php(359): call_user_func_array(Array, Array) #5 /Users/sean/Dropbox/Sites/cs-pw/wire/core/Wire.php(317): Wire->runHooks('render', Array) #6 /Users/sean/Dropbox/Sites/cs-pw/wire/modules/PageRender.module(337): Wire->__call('render', Array) #7 /Users/sean/Dropbox/Sites/cs-pw/wire/modules/PageRender.module(337): TemplateFile->render() #8 [internal function]: PageRender->___renderPage(Object(HookEvent)) #9 /Users/sean/Dropbox/Sites/cs-pw/wire/core/Wire.php(359): call_user_func_array(Array, Ar
2014-08-01 12:33:00	admin	http://localhost:8888/cs-pw/video/	Error: 	Exception: Method Pageimage::first does not exist or is not callable in this context (in /Users/sean/Dropbox/Sites/cs-pw/wire/core/Wire.php line 320)  #0 /Users/sean/Dropbox/Sites/cs-pw/site/templates/video.php(49): Wire->__call('first', Array) #1 /Users/sean/Dropbox/Sites/cs-pw/site/templates/video.php(49): Pageimage->first() #2 /Users/sean/Dropbox/Sites/cs-pw/wire/core/TemplateFile.php(140): require('/Users/sean/Dro...') #3 [internal function]: TemplateFile->___render() #4 /Users/sean/Dropbox/Sites/cs-pw/wire/core/Wire.php(359): call_user_func_array(Array, Array) #5 /Users/sean/Dropbox/Sites/cs-pw/wire/core/Wire.php(317): Wire->runHooks('render', Array) #6 /Users/sean/Dropbox/Sites/cs-pw/wire/modules/PageRender.module(337): Wire->__call('render', Array) #7 /Users/sean/Dropbox/Sites/cs-pw/wire/modules/PageRender.module(337): TemplateFile->render() #8 [internal function]: PageRender->___renderPage(Object(HookEvent)) #9 /Users/sean/Dropbox/Sites/cs-pw/wire/core/Wire.php(359): call_user_func_array(Array, Array)
2014-08-01 12:33:07	admin	http://localhost:8888/cs-pw/video/	Error: 	Exception: Method Pageimage::first does not exist or is not callable in this context (in /Users/sean/Dropbox/Sites/cs-pw/wire/core/Wire.php line 320)  #0 /Users/sean/Dropbox/Sites/cs-pw/site/templates/video.php(49): Wire->__call('first', Array) #1 /Users/sean/Dropbox/Sites/cs-pw/site/templates/video.php(49): Pageimage->first() #2 /Users/sean/Dropbox/Sites/cs-pw/wire/core/TemplateFile.php(140): require('/Users/sean/Dro...') #3 [internal function]: TemplateFile->___render() #4 /Users/sean/Dropbox/Sites/cs-pw/wire/core/Wire.php(359): call_user_func_array(Array, Array) #5 /Users/sean/Dropbox/Sites/cs-pw/wire/core/Wire.php(317): Wire->runHooks('render', Array) #6 /Users/sean/Dropbox/Sites/cs-pw/wire/modules/PageRender.module(337): Wire->__call('render', Array) #7 /Users/sean/Dropbox/Sites/cs-pw/wire/modules/PageRender.module(337): TemplateFile->render() #8 [internal function]: PageRender->___renderPage(Object(HookEvent)) #9 /Users/sean/Dropbox/Sites/cs-pw/wire/core/Wire.php(359): call_user_func_array(Array, Array)
2014-08-01 12:33:51	admin	http://localhost:8888/cs-pw/video/	Error: 	Exception: Method Pageimage::first does not exist or is not callable in this context (in /Users/sean/Dropbox/Sites/cs-pw/wire/core/Wire.php line 320)  #0 /Users/sean/Dropbox/Sites/cs-pw/site/templates/video.php(49): Wire->__call('first', Array) #1 /Users/sean/Dropbox/Sites/cs-pw/site/templates/video.php(49): Pageimage->first() #2 /Users/sean/Dropbox/Sites/cs-pw/wire/core/TemplateFile.php(140): require('/Users/sean/Dro...') #3 [internal function]: TemplateFile->___render() #4 /Users/sean/Dropbox/Sites/cs-pw/wire/core/Wire.php(359): call_user_func_array(Array, Array) #5 /Users/sean/Dropbox/Sites/cs-pw/wire/core/Wire.php(317): Wire->runHooks('render', Array) #6 /Users/sean/Dropbox/Sites/cs-pw/wire/modules/PageRender.module(337): Wire->__call('render', Array) #7 /Users/sean/Dropbox/Sites/cs-pw/wire/modules/PageRender.module(337): TemplateFile->render() #8 [internal function]: PageRender->___renderPage(Object(HookEvent)) #9 /Users/sean/Dropbox/Sites/cs-pw/wire/core/Wire.php(359): call_user_func_array(Array, Array)
2014-08-01 12:33:53	admin	http://localhost:8888/cs-pw/video/	Error: 	Exception: Method Pageimage::first does not exist or is not callable in this context (in /Users/sean/Dropbox/Sites/cs-pw/wire/core/Wire.php line 320)  #0 /Users/sean/Dropbox/Sites/cs-pw/site/templates/video.php(49): Wire->__call('first', Array) #1 /Users/sean/Dropbox/Sites/cs-pw/site/templates/video.php(49): Pageimage->first() #2 /Users/sean/Dropbox/Sites/cs-pw/wire/core/TemplateFile.php(140): require('/Users/sean/Dro...') #3 [internal function]: TemplateFile->___render() #4 /Users/sean/Dropbox/Sites/cs-pw/wire/core/Wire.php(359): call_user_func_array(Array, Array) #5 /Users/sean/Dropbox/Sites/cs-pw/wire/core/Wire.php(317): Wire->runHooks('render', Array) #6 /Users/sean/Dropbox/Sites/cs-pw/wire/modules/PageRender.module(337): Wire->__call('render', Array) #7 /Users/sean/Dropbox/Sites/cs-pw/wire/modules/PageRender.module(337): TemplateFile->render() #8 [internal function]: PageRender->___renderPage(Object(HookEvent)) #9 /Users/sean/Dropbox/Sites/cs-pw/wire/core/Wire.php(359): call_user_func_array(Array, Array)
2014-08-01 12:36:55	admin	http://localhost:8888/cs-pw/video/	Error: 	Exception: Method Pageimage::first does not exist or is not callable in this context (in /Users/sean/Dropbox/Sites/cs-pw/wire/core/Wire.php line 320)  #0 /Users/sean/Dropbox/Sites/cs-pw/site/templates/video.php(49): Wire->__call('first', Array) #1 /Users/sean/Dropbox/Sites/cs-pw/site/templates/video.php(49): Pageimage->first() #2 /Users/sean/Dropbox/Sites/cs-pw/wire/core/TemplateFile.php(140): require('/Users/sean/Dro...') #3 [internal function]: TemplateFile->___render() #4 /Users/sean/Dropbox/Sites/cs-pw/wire/core/Wire.php(359): call_user_func_array(Array, Array) #5 /Users/sean/Dropbox/Sites/cs-pw/wire/core/Wire.php(317): Wire->runHooks('render', Array) #6 /Users/sean/Dropbox/Sites/cs-pw/wire/modules/PageRender.module(337): Wire->__call('render', Array) #7 /Users/sean/Dropbox/Sites/cs-pw/wire/modules/PageRender.module(337): TemplateFile->render() #8 [internal function]: PageRender->___renderPage(Object(HookEvent)) #9 /Users/sean/Dropbox/Sites/cs-pw/wire/core/Wire.php(359): call_user_func_array(Array, Array)
